0 info it worked if it ends with ok
1 verbose cli [ 'node', '/usr/local/bin/npm', 'run', 'posts-git-log' ]
2 info using npm@3.4.1
3 info using node@v0.12.7
4 verbose run-script [ 'posts-git-log' ]
5 info lifecycle intel-android-hub@0.0.1~posts-git-log: intel-android-hub@0.0.1
6 verbose lifecycle intel-android-hub@0.0.1~posts-git-log: unsafe-perm in lifecycle true
7 verbose lifecycle intel-android-hub@0.0.1~posts-git-log: PATH: /usr/local/lib/node_modules/npm/bin/node-gyp-bin:/Users/peachpellen/androidhub/node_modules/.bin:/opt/local/bin:/opt/local/sbin:/Library/Frameworks/Python.framework/Versions/3.4/bin:/usr/local/bin:/usr/bin:/bin:/usr/sbin:/sbin:/opt/ImageMagick/bin:/Users/peachpellen/.rvm/bin
8 verbose lifecycle intel-android-hub@0.0.1~posts-git-log: CWD: /Users/peachpellen/androidhub
9 silly lifecycle intel-android-hub@0.0.1~posts-git-log: Args: [ '-c', 'node ./scripts/git-json.js' ]
10 silly lifecycle intel-android-hub@0.0.1~posts-git-log: Returned: code: 1  signal: null
11 info lifecycle intel-android-hub@0.0.1~posts-git-log: Failed to exec posts-git-log script
12 verbose stack Error: intel-android-hub@0.0.1 posts-git-log: `node ./scripts/git-json.js`
12 verbose stack Exit status 1
12 verbose stack     at EventEmitter.<anonymous> (/usr/local/lib/node_modules/npm/lib/utils/lifecycle.js:232:16)
12 verbose stack     at EventEmitter.emit (events.js:110:17)
12 verbose stack     at ChildProcess.<anonymous> (/usr/local/lib/node_modules/npm/lib/utils/spawn.js:24:14)
12 verbose stack     at ChildProcess.emit (events.js:110:17)
12 verbose stack     at maybeClose (child_process.js:1015:16)
12 verbose stack     at Process.ChildProcess._handle.onexit (child_process.js:1087:5)
13 verbose pkgid intel-android-hub@0.0.1
14 verbose cwd /Users/peachpellen/androidhub
15 error Darwin 14.4.0
16 error argv "node" "/usr/local/bin/npm" "run" "posts-git-log"
17 error node v0.12.7
18 error npm  v3.4.1
19 error code ELIFECYCLE
20 error intel-android-hub@0.0.1 posts-git-log: `node ./scripts/git-json.js`
20 error Exit status 1
21 error Failed at the intel-android-hub@0.0.1 posts-git-log script 'node ./scripts/git-json.js'.
21 error Make sure you have the latest version of node.js and npm installed.
21 error If you do, this is most likely a problem with the intel-android-hub package,
21 error not with npm itself.
21 error Tell the author that this fails on your system:
21 error     node ./scripts/git-json.js
21 error You can get their info via:
21 error     npm owner ls intel-android-hub
21 error There is likely additional logging output above.
22 verbose exit [ 1, true ]
